C:\MyApp\Malti_Desktop_WPF\Multi_Desktop\Multi_Desktop\MusicPlayerWindow.xaml.cs(132,17): warning CS8602: Dereference of a possibly null reference. [C:\MyApp\Malti_Desktop_WPF\Multi_Desktop\Multi_Desktop\Multi_Desktop_dhywermx_wpftmp.csproj]
C:\MyApp\Malti_Desktop_WPF\Multi_Desktop\Multi_Desktop\MusicPlayerWindow.xaml.cs(147,13): warning CS8602: Dereference of a possibly null reference. [C:\MyApp\Malti_Desktop_WPF\Multi_Desktop\Multi_Desktop\Multi_Desktop_dhywermx_wpftmp.csproj]
C:\MyApp\Malti_Desktop_WPF\Multi_Desktop\Multi_Desktop\AiOperationWindow.xaml.cs(405,31): error CS0104: 'Application' is an ambiguous reference between 'System.Windows.Forms.Application' and 'System.Windows.Application' [C:\MyApp\Malti_Desktop_WPF\Multi_Desktop\Multi_Desktop\Multi_Desktop_dhywermx_wpftmp.csproj]
C:\MyApp\Malti_Desktop_WPF\Multi_Desktop\Multi_Desktop\AiOperationWindow.xaml.cs(413,30): error CS0104: 'Application' is an ambiguous reference between 'System.Windows.Forms.Application' and 'System.Windows.Application' [C:\MyApp\Malti_Desktop_WPF\Multi_Desktop\Multi_Desktop\Multi_Desktop_dhywermx_wpftmp.csproj]
C:\MyApp\Malti_Desktop_WPF\Multi_Desktop\Multi_Desktop\AiOperationWindow.xaml.cs(421,31): error CS0104: 'Application' is an ambiguous reference between 'System.Windows.Forms.Application' and 'System.Windows.Application' [C:\MyApp\Malti_Desktop_WPF\Multi_Desktop\Multi_Desktop\Multi_Desktop_dhywermx_wpftmp.csproj]
C:\MyApp\Malti_Desktop_WPF\Multi_Desktop\Multi_Desktop\AiOperationWindow.xaml.cs(429,31): error CS0104: 'Application' is an ambiguous reference between 'System.Windows.Forms.Application' and 'System.Windows.Application' [C:\MyApp\Malti_Desktop_WPF\Multi_Desktop\Multi_Desktop\Multi_Desktop_dhywermx_wpftmp.csproj]
C:\MyApp\Malti_Desktop_WPF\Multi_Desktop\Multi_Desktop\AiOperationWindow.xaml.cs(437,31): error CS0104: 'Application' is an ambiguous reference between 'System.Windows.Forms.Application' and 'System.Windows.Application' [C:\MyApp\Malti_Desktop_WPF\Multi_Desktop\Multi_Desktop\Multi_Desktop_dhywermx_wpftmp.csproj]
C:\MyApp\Malti_Desktop_WPF\Multi_Desktop\Multi_Desktop\MenuBarWindow.xaml.cs(42,34): warning CS0169: The field 'MenuBarWindow._tempStorageDragStartPoint' is never used [C:\MyApp\Malti_Desktop_WPF\Multi_Desktop\Multi_Desktop\Multi_Desktop_dhywermx_wpftmp.csproj]
C:\MyApp\Malti_Desktop_WPF\Multi_Desktop\Multi_Desktop\MenuBarWindow.xaml.cs(41,18): warning CS0169: The field 'MenuBarWindow._isTempStorageDragging' is never used [C:\MyApp\Malti_Desktop_WPF\Multi_Desktop\Multi_Desktop\Multi_Desktop_dhywermx_wpftmp.csproj]
C:\MyApp\Malti_Desktop_WPF\Multi_Desktop\Multi_Desktop\DockWindow.xaml.cs(579,18): warning CS0414: The field 'DockWindow._mouseIsOverDock' is assigned but its value is never used [C:\MyApp\Malti_Desktop_WPF\Multi_Desktop\Multi_Desktop\Multi_Desktop_dhywermx_wpftmp.csproj]

Build FAILED.

C:\MyApp\Malti_Desktop_WPF\Multi_Desktop\Multi_Desktop\MusicPlayerWindow.xaml.cs(132,17): warning CS8602: Dereference of a possibly null reference. [C:\MyApp\Malti_Desktop_WPF\Multi_Desktop\Multi_Desktop\Multi_Desktop_dhywermx_wpftmp.csproj]
C:\MyApp\Malti_Desktop_WPF\Multi_Desktop\Multi_Desktop\MusicPlayerWindow.xaml.cs(147,13): warning CS8602: Dereference of a possibly null reference. [C:\MyApp\Malti_Desktop_WPF\Multi_Desktop\Multi_Desktop\Multi_Desktop_dhywermx_wpftmp.csproj]
C:\MyApp\Malti_Desktop_WPF\Multi_Desktop\Multi_Desktop\MenuBarWindow.xaml.cs(42,34): warning CS0169: The field 'MenuBarWindow._tempStorageDragStartPoint' is never used [C:\MyApp\Malti_Desktop_WPF\Multi_Desktop\Multi_Desktop\Multi_Desktop_dhywermx_wpftmp.csproj]
C:\MyApp\Malti_Desktop_WPF\Multi_Desktop\Multi_Desktop\MenuBarWindow.xaml.cs(41,18): warning CS0169: The field 'MenuBarWindow._isTempStorageDragging' is never used [C:\MyApp\Malti_Desktop_WPF\Multi_Desktop\Multi_Desktop\Multi_Desktop_dhywermx_wpftmp.csproj]
C:\MyApp\Malti_Desktop_WPF\Multi_Desktop\Multi_Desktop\DockWindow.xaml.cs(579,18): warning CS0414: The field 'DockWindow._mouseIsOverDock' is assigned but its value is never used [C:\MyApp\Malti_Desktop_WPF\Multi_Desktop\Multi_Desktop\Multi_Desktop_dhywermx_wpftmp.csproj]
C:\MyApp\Malti_Desktop_WPF\Multi_Desktop\Multi_Desktop\AiOperationWindow.xaml.cs(405,31): error CS0104: 'Application' is an ambiguous reference between 'System.Windows.Forms.Application' and 'System.Windows.Application' [C:\MyApp\Malti_Desktop_WPF\Multi_Desktop\Multi_Desktop\Multi_Desktop_dhywermx_wpftmp.csproj]
C:\MyApp\Malti_Desktop_WPF\Multi_Desktop\Multi_Desktop\AiOperationWindow.xaml.cs(413,30): error CS0104: 'Application' is an ambiguous reference between 'System.Windows.Forms.Application' and 'System.Windows.Application' [C:\MyApp\Malti_Desktop_WPF\Multi_Desktop\Multi_Desktop\Multi_Desktop_dhywermx_wpftmp.csproj]
C:\MyApp\Malti_Desktop_WPF\Multi_Desktop\Multi_Desktop\AiOperationWindow.xaml.cs(421,31): error CS0104: 'Application' is an ambiguous reference between 'System.Windows.Forms.Application' and 'System.Windows.Application' [C:\MyApp\Malti_Desktop_WPF\Multi_Desktop\Multi_Desktop\Multi_Desktop_dhywermx_wpftmp.csproj]
C:\MyApp\Malti_Desktop_WPF\Multi_Desktop\Multi_Desktop\AiOperationWindow.xaml.cs(429,31): error CS0104: 'Application' is an ambiguous reference between 'System.Windows.Forms.Application' and 'System.Windows.Application' [C:\MyApp\Malti_Desktop_WPF\Multi_Desktop\Multi_Desktop\Multi_Desktop_dhywermx_wpftmp.csproj]
C:\MyApp\Malti_Desktop_WPF\Multi_Desktop\Multi_Desktop\AiOperationWindow.xaml.cs(437,31): error CS0104: 'Application' is an ambiguous reference between 'System.Windows.Forms.Application' and 'System.Windows.Application' [C:\MyApp\Malti_Desktop_WPF\Multi_Desktop\Multi_Desktop\Multi_Desktop_dhywermx_wpftmp.csproj]
    5 Warning(s)
    5 Error(s)

Time Elapsed 00:00:01.30
